cargo build 
   Compiling lazy-clone-collections v0.1.0 (/home/melski/projects/lazy-clone-collections)
thread 'rustc' panicked at 'index out of bounds: the len is 565 but the index is 578', compiler/rustc_query_impl/src/on_disk_cache.rs:717:40
note: run with `RUST_BACKTRACE=1` environment variable to display a backtrace

error: internal compiler error: unexpected panic

note: the compiler unexpectedly panicked. this is a bug.

note: we would appreciate a bug report: https://github.com/rust-lang/rust/issues/new?labels=C-bug%2C+I-ICE%2C+T-compiler&template=ice.md

note: rustc 1.68.0-nightly (ad8ae0504 2022-12-29) running on x86_64-unknown-linux-gnu

note: compiler flags: --crate-type lib -C embed-bitcode=no -C debuginfo=2 -C incremental=[REDACTED]

note: some of the compiler flags provided by cargo are hidden

query stack during panic:
thread 'rustc' panicked at 'Illegal read of: 11278', /rustc/ad8ae0504c54bc2bd8306abfcfe8546c1bb16a49/compiler/rustc_query_system/src/dep_graph/graph.rs:450:25
stack backtrace:
   0:     0x7f2e5c3ca2ba - std::backtrace_rs::backtrace::libunwind::trace::h2c91251742244ab1
                               at /rustc/ad8ae0504c54bc2bd8306abfcfe8546c1bb16a49/library/std/src/../../backtrace/src/backtrace/libunwind.rs:93:5
   1:     0x7f2e5c3ca2ba - std::backtrace_rs::backtrace::trace_unsynchronized::h6d44d12bbe0e7aa5
                               at /rustc/ad8ae0504c54bc2bd8306abfcfe8546c1bb16a49/library/std/src/../../backtrace/src/backtrace/mod.rs:66:5
   2:     0x7f2e5c3ca2ba - std::sys_common::backtrace::_print_fmt::ha87b8dc49e99d364
                               at /rustc/ad8ae0504c54bc2bd8306abfcfe8546c1bb16a49/library/std/src/sys_common/backtrace.rs:65:5
   3:     0x7f2e5c3ca2ba - <std::sys_common::backtrace::_print::DisplayBacktrace as core::fmt::Display>::fmt::h7f18c6c63225ad77
                               at /rustc/ad8ae0504c54bc2bd8306abfcfe8546c1bb16a49/library/std/src/sys_common/backtrace.rs:44:22
   4:     0x7f2e5c42d3ae - core::fmt::write::h123cb6ce9edafa10
                               at /rustc/ad8ae0504c54bc2bd8306abfcfe8546c1bb16a49/library/core/src/fmt/mod.rs:1208:17
   5:     0x7f2e5c3ba765 - std::io::Write::write_fmt::h3baf40d36b1d4cae
                               at /rustc/ad8ae0504c54bc2bd8306abfcfe8546c1bb16a49/library/std/src/io/mod.rs:1682:15
   6:     0x7f2e5c3ca085 - std::sys_common::backtrace::_print::h742af007f102c03d
                               at /rustc/ad8ae0504c54bc2bd8306abfcfe8546c1bb16a49/library/std/src/sys_common/backtrace.rs:47:5
   7:     0x7f2e5c3ca085 - std::sys_common::backtrace::print::hc384317cb61775ee
                               at /rustc/ad8ae0504c54bc2bd8306abfcfe8546c1bb16a49/library/std/src/sys_common/backtrace.rs:34:9
   8:     0x7f2e5c3cce4f - std::panicking::default_hook::{{closure}}::heaed0ea0b0024643
                               at /rustc/ad8ae0504c54bc2bd8306abfcfe8546c1bb16a49/library/std/src/panicking.rs:267:22
   9:     0x7f2e5c3ccb8b - std::panicking::default_hook::h55ca1d41de87c814
                               at /rustc/ad8ae0504c54bc2bd8306abfcfe8546c1bb16a49/library/std/src/panicking.rs:286:9
  10:     0x7f2e5f6d37bf - <rustc_driver[ee839164ebdca734]::DEFAULT_HOOK::{closure#0}::{closure#0} as core[ed436b62c6d1bada]::ops::function::FnOnce<(&core[ed436b62c6d1bada]::panic::panic_info::PanicInfo,)>>::call_once::{shim:vtable#0}
  11:     0x7f2e5c3cd68d - <alloc::boxed::Box<F,A> as core::ops::function::Fn<Args>>::call::hb1a6f6fc74fb5111
                               at /rustc/ad8ae0504c54bc2bd8306abfcfe8546c1bb16a49/library/alloc/src/boxed.rs:2002:9
  12:     0x7f2e5c3cd68d - std::panicking::rust_panic_with_hook::hc503d371d7184fb8
                               at /rustc/ad8ae0504c54bc2bd8306abfcfe8546c1bb16a49/library/std/src/panicking.rs:692:13
  13:     0x7f2e5c3cd409 - std::panicking::begin_panic_handler::{{closure}}::he73b2aadf63f621d
                               at /rustc/ad8ae0504c54bc2bd8306abfcfe8546c1bb16a49/library/std/src/panicking.rs:579:13
  14:     0x7f2e5c3ca76c - std::sys_common::backtrace::__rust_end_short_backtrace::h35aea8344e0a609e
                               at /rustc/ad8ae0504c54bc2bd8306abfcfe8546c1bb16a49/library/std/src/sys_common/backtrace.rs:137:18
  15:     0x7f2e5c3cd112 - rust_begin_unwind
                               at /rustc/ad8ae0504c54bc2bd8306abfcfe8546c1bb16a49/library/std/src/panicking.rs:575:5
  16:     0x7f2e5c429d93 - core::panicking::panic_fmt::h6793a7ba783923fd
                               at /rustc/ad8ae0504c54bc2bd8306abfcfe8546c1bb16a49/library/core/src/panicking.rs:64:14
  17:     0x7f2e5d634ba7 - <rustc_middle[a1fb9795d5f64763]::dep_graph::dep_node::DepKind as rustc_query_system[29ed40d2382e462d]::dep_graph::DepKind>::read_deps::<<rustc_query_system[29ed40d2382e462d]::dep_graph::graph::DepGraph<rustc_middle[a1fb9795d5f64763]::dep_graph::dep_node::DepKind>>::read_index::{closure#0}>
  18:     0x7f2e5d75140d - <rustc_middle[a1fb9795d5f64763]::ty::context::TyCtxt>::type_length_limit
  19:     0x7f2e5e215659 - <rustc_middle[a1fb9795d5f64763]::ty::context::TyCtxt>::def_path_str_with_substs
  20:     0x7f2e5fb92c99 - rustc_middle[a1fb9795d5f64763]::query::descs::diagnostic_only_typeck
  21:     0x7f2e6001aae4 - rustc_query_impl[33d709dd38cec448]::plumbing::create_query_frame::<rustc_span[c3a1369de29541d7]::def_id::LocalDefId>
  22:     0x7f2e5ffcbbb3 - <rustc_query_impl[33d709dd38cec448]::query_structs::typeck::{closure#0}::{closure#0} as core[ed436b62c6d1bada]::ops::function::FnOnce<(rustc_query_impl[33d709dd38cec448]::plumbing::QueryCtxt, rustc_span[c3a1369de29541d7]::def_id::LocalDefId)>>::call_once
  23:     0x7f2e5feb42b6 - <rustc_query_system[29ed40d2382e462d]::query::plumbing::QueryState<rustc_span[c3a1369de29541d7]::def_id::LocalDefId, rustc_middle[a1fb9795d5f64763]::dep_graph::dep_node::DepKind>>::try_collect_active_jobs::<rustc_query_impl[33d709dd38cec448]::plumbing::QueryCtxt>
  24:     0x7f2e5e0ccd32 - <rustc_query_impl[33d709dd38cec448]::Queries>::try_collect_active_jobs
  25:     0x7f2e60050a18 - rustc_query_system[29ed40d2382e462d]::query::job::print_query_stack::<rustc_query_impl[33d709dd38cec448]::plumbing::QueryCtxt>
  26:     0x7f2e5fa42e3e - rustc_interface[c27e5107dda58b2c]::interface::try_print_query_stack
  27:     0x7f2e5f6d5c51 - rustc_driver[ee839164ebdca734]::report_ice
  28:     0x7f2e5c3cd68d - <alloc::boxed::Box<F,A> as core::ops::function::Fn<Args>>::call::hb1a6f6fc74fb5111
                               at /rustc/ad8ae0504c54bc2bd8306abfcfe8546c1bb16a49/library/alloc/src/boxed.rs:2002:9
  29:     0x7f2e5c3cd68d - std::panicking::rust_panic_with_hook::hc503d371d7184fb8
                               at /rustc/ad8ae0504c54bc2bd8306abfcfe8546c1bb16a49/library/std/src/panicking.rs:692:13
  30:     0x7f2e5c3cd409 - std::panicking::begin_panic_handler::{{closure}}::he73b2aadf63f621d
                               at /rustc/ad8ae0504c54bc2bd8306abfcfe8546c1bb16a49/library/std/src/panicking.rs:579:13
  31:     0x7f2e5c3ca76c - std::sys_common::backtrace::__rust_end_short_backtrace::h35aea8344e0a609e
                               at /rustc/ad8ae0504c54bc2bd8306abfcfe8546c1bb16a49/library/std/src/sys_common/backtrace.rs:137:18
  32:     0x7f2e5c3cd112 - rust_begin_unwind
                               at /rustc/ad8ae0504c54bc2bd8306abfcfe8546c1bb16a49/library/std/src/panicking.rs:575:5
  33:     0x7f2e5c429d93 - core::panicking::panic_fmt::h6793a7ba783923fd
                               at /rustc/ad8ae0504c54bc2bd8306abfcfe8546c1bb16a49/library/core/src/panicking.rs:64:14
  34:     0x7f2e5c429f62 - core::panicking::panic_bounds_check::h944acf92099a77a1
                               at /rustc/ad8ae0504c54bc2bd8306abfcfe8546c1bb16a49/library/core/src/panicking.rs:148:5
  35:     0x7f2e5daf4e09 - <rustc_span[c3a1369de29541d7]::span_encoding::Span as rustc_serialize[f1b93d5d9889722c]::serialize::Decodable<rustc_query_impl[33d709dd38cec448]::on_disk_cache::CacheDecoder>>::decode
  36:     0x7f2e5e12cc0f - rustc_query_system[29ed40d2382e462d]::query::plumbing::get_query::<rustc_query_impl[33d709dd38cec448]::queries::def_span, rustc_query_impl[33d709dd38cec448]::plumbing::QueryCtxt, rustc_middle[a1fb9795d5f64763]::dep_graph::dep_node::DepKind>
  37:     0x7f2e5e2f55c0 - rustc_ty_utils[3500e8bc1a1f2fbf]::ty::param_env
  38:     0x7f2e5e3cb28f - <rustc_query_system[29ed40d2382e462d]::dep_graph::graph::DepGraph<rustc_middle[a1fb9795d5f64763]::dep_graph::dep_node::DepKind>>::with_task::<rustc_middle[a1fb9795d5f64763]::ty::context::TyCtxt, rustc_span[c3a1369de29541d7]::def_id::DefId, rustc_middle[a1fb9795d5f64763]::ty::ParamEnv>
  39:     0x7f2e5e3c92d8 - rustc_query_system[29ed40d2382e462d]::query::plumbing::get_query::<rustc_query_impl[33d709dd38cec448]::queries::param_env, rustc_query_impl[33d709dd38cec448]::plumbing::QueryCtxt, rustc_middle[a1fb9795d5f64763]::dep_graph::dep_node::DepKind>
  40:     0x7f2e5e8819b2 - <rustc_hir_typeck[8be18aee5bbe5578]::inherited::InheritedBuilder>::enter::<rustc_hir_typeck[8be18aee5bbe5578]::typeck_with_fallback<rustc_hir_typeck[8be18aee5bbe5578]::typeck_const_arg::{closure#0}>::{closure#0}::{closure#1}, &rustc_middle[a1fb9795d5f64763]::ty::typeck_results::TypeckResults>
  41:     0x7f2e5e880421 - rustc_hir_typeck[8be18aee5bbe5578]::typeck_const_arg
  42:     0x7f2e5ecc8250 - <rustc_query_system[29ed40d2382e462d]::dep_graph::graph::DepGraph<rustc_middle[a1fb9795d5f64763]::dep_graph::dep_node::DepKind>>::with_task::<rustc_middle[a1fb9795d5f64763]::ty::context::TyCtxt, (rustc_span[c3a1369de29541d7]::def_id::LocalDefId, rustc_span[c3a1369de29541d7]::def_id::DefId), &rustc_middle[a1fb9795d5f64763]::ty::typeck_results::TypeckResults>
  43:     0x7f2e5ecc70f0 - rustc_query_system[29ed40d2382e462d]::query::plumbing::try_execute_query::<rustc_query_impl[33d709dd38cec448]::plumbing::QueryCtxt, rustc_query_system[29ed40d2382e462d]::query::caches::DefaultCache<(rustc_span[c3a1369de29541d7]::def_id::LocalDefId, rustc_span[c3a1369de29541d7]::def_id::DefId), &rustc_middle[a1fb9795d5f64763]::ty::typeck_results::TypeckResults>>
  44:     0x7f2e5e93b25a - rustc_query_system[29ed40d2382e462d]::query::plumbing::get_query::<rustc_query_impl[33d709dd38cec448]::queries::typeck_const_arg, rustc_query_impl[33d709dd38cec448]::plumbing::QueryCtxt, rustc_middle[a1fb9795d5f64763]::dep_graph::dep_node::DepKind>
  45:     0x7f2e5e93b1a7 - <rustc_query_impl[33d709dd38cec448]::Queries as rustc_middle[a1fb9795d5f64763]::ty::query::QueryEngine>::typeck_const_arg
  46:     0x7f2e5da98c9d - rustc_hir_typeck[8be18aee5bbe5578]::typeck
  47:     0x7f2e5daaf174 - <rustc_query_system[29ed40d2382e462d]::dep_graph::graph::DepGraph<rustc_middle[a1fb9795d5f64763]::dep_graph::dep_node::DepKind>>::with_task::<rustc_middle[a1fb9795d5f64763]::ty::context::TyCtxt, rustc_span[c3a1369de29541d7]::def_id::LocalDefId, &rustc_middle[a1fb9795d5f64763]::ty::typeck_results::TypeckResults>
  48:     0x7f2e5da972ea - rustc_query_system[29ed40d2382e462d]::query::plumbing::try_execute_query::<rustc_query_impl[33d709dd38cec448]::plumbing::QueryCtxt, rustc_query_system[29ed40d2382e462d]::query::caches::VecCache<rustc_span[c3a1369de29541d7]::def_id::LocalDefId, &rustc_middle[a1fb9795d5f64763]::ty::typeck_results::TypeckResults>>
  49:     0x7f2e5ee3b385 - rustc_data_structures[e9a7945db5cbcfe0]::sync::par_for_each_in::<&[rustc_span[c3a1369de29541d7]::def_id::LocalDefId], <rustc_middle[a1fb9795d5f64763]::hir::map::Map>::par_body_owners<rustc_hir_typeck[8be18aee5bbe5578]::typeck_item_bodies::{closure#0}>::{closure#0}>
  50:     0x7f2e5ee3b0c3 - rustc_hir_typeck[8be18aee5bbe5578]::typeck_item_bodies
  51:     0x7f2e5ed3a6f7 - <rustc_query_system[29ed40d2382e462d]::dep_graph::graph::DepGraph<rustc_middle[a1fb9795d5f64763]::dep_graph::dep_node::DepKind>>::with_task::<rustc_middle[a1fb9795d5f64763]::ty::context::TyCtxt, (), ()>
  52:     0x7f2e5ed39540 - rustc_query_system[29ed40d2382e462d]::query::plumbing::try_execute_query::<rustc_query_impl[33d709dd38cec448]::plumbing::QueryCtxt, rustc_query_system[29ed40d2382e462d]::query::caches::DefaultCache<(), ()>>
  53:     0x7f2e5ed38ec0 - rustc_query_system[29ed40d2382e462d]::query::plumbing::get_query::<rustc_query_impl[33d709dd38cec448]::queries::typeck_item_bodies, rustc_query_impl[33d709dd38cec448]::plumbing::QueryCtxt, rustc_middle[a1fb9795d5f64763]::dep_graph::dep_node::DepKind>
  54:     0x7f2e5db62112 - <rustc_session[5a3fcd17c36ad0b2]::session::Session>::time::<(), rustc_hir_analysis[c9efc689c770dca9]::check_crate::{closure#7}>
  55:     0x7f2e5db6100c - rustc_hir_analysis[c9efc689c770dca9]::check_crate
  56:     0x7f2e5db60c2b - rustc_interface[c27e5107dda58b2c]::passes::analysis
  57:     0x7f2e5ee8d385 - <rustc_query_system[29ed40d2382e462d]::dep_graph::graph::DepGraph<rustc_middle[a1fb9795d5f64763]::dep_graph::dep_node::DepKind>>::with_task::<rustc_middle[a1fb9795d5f64763]::ty::context::TyCtxt, (), core[ed436b62c6d1bada]::result::Result<(), rustc_errors[9d97359c8dfef0d7]::ErrorGuaranteed>>
  58:     0x7f2e5ee8c568 - rustc_query_system[29ed40d2382e462d]::query::plumbing::try_execute_query::<rustc_query_impl[33d709dd38cec448]::plumbing::QueryCtxt, rustc_query_system[29ed40d2382e462d]::query::caches::DefaultCache<(), core[ed436b62c6d1bada]::result::Result<(), rustc_errors[9d97359c8dfef0d7]::ErrorGuaranteed>>>
  59:     0x7f2e5ee8bfd0 - rustc_query_system[29ed40d2382e462d]::query::plumbing::get_query::<rustc_query_impl[33d709dd38cec448]::queries::analysis, rustc_query_impl[33d709dd38cec448]::plumbing::QueryCtxt, rustc_middle[a1fb9795d5f64763]::dep_graph::dep_node::DepKind>
  60:     0x7f2e5e953173 - <rustc_interface[c27e5107dda58b2c]::passes::QueryContext>::enter::<rustc_driver[ee839164ebdca734]::run_compiler::{closure#1}::{closure#2}::{closure#2}, core[ed436b62c6d1bada]::result::Result<(), rustc_errors[9d97359c8dfef0d7]::ErrorGuaranteed>>
  61:     0x7f2e5e94f523 - <rustc_interface[c27e5107dda58b2c]::interface::Compiler>::enter::<rustc_driver[ee839164ebdca734]::run_compiler::{closure#1}::{closure#2}, core[ed436b62c6d1bada]::result::Result<core[ed436b62c6d1bada]::option::Option<rustc_interface[c27e5107dda58b2c]::queries::Linker>, rustc_errors[9d97359c8dfef0d7]::ErrorGuaranteed>>
  62:     0x7f2e5e94a538 - rustc_span[c3a1369de29541d7]::with_source_map::<core[ed436b62c6d1bada]::result::Result<(), rustc_errors[9d97359c8dfef0d7]::ErrorGuaranteed>, rustc_interface[c27e5107dda58b2c]::interface::run_compiler<core[ed436b62c6d1bada]::result::Result<(), rustc_errors[9d97359c8dfef0d7]::ErrorGuaranteed>, rustc_driver[ee839164ebdca734]::run_compiler::{closure#1}>::{closure#0}::{closure#0}>
  63:     0x7f2e5e94a025 - <scoped_tls[1651048814a45265]::ScopedKey<rustc_span[c3a1369de29541d7]::SessionGlobals>>::set::<rustc_interface[c27e5107dda58b2c]::interface::run_compiler<core[ed436b62c6d1bada]::result::Result<(), rustc_errors[9d97359c8dfef0d7]::ErrorGuaranteed>, rustc_driver[ee839164ebdca734]::run_compiler::{closure#1}>::{closure#0}, core[ed436b62c6d1bada]::result::Result<(), rustc_errors[9d97359c8dfef0d7]::ErrorGuaranteed>>
  64:     0x7f2e5e949612 - std[b13dda0b48bb4fca]::sys_common::backtrace::__rust_begin_short_backtrace::<rustc_interface[c27e5107dda58b2c]::util::run_in_thread_pool_with_globals<rustc_interface[c27e5107dda58b2c]::interface::run_compiler<core[ed436b62c6d1bada]::result::Result<(), rustc_errors[9d97359c8dfef0d7]::ErrorGuaranteed>, rustc_driver[ee839164ebdca734]::run_compiler::{closure#1}>::{closure#0}, core[ed436b62c6d1bada]::result::Result<(), rustc_errors[9d97359c8dfef0d7]::ErrorGuaranteed>>::{closure#0}::{closure#0}, core[ed436b62c6d1bada]::result::Result<(), rustc_errors[9d97359c8dfef0d7]::ErrorGuaranteed>>
  65:     0x7f2e5ef900ca - <<std[b13dda0b48bb4fca]::thread::Builder>::spawn_unchecked_<rustc_interface[c27e5107dda58b2c]::util::run_in_thread_pool_with_globals<rustc_interface[c27e5107dda58b2c]::interface::run_compiler<core[ed436b62c6d1bada]::result::Result<(), rustc_errors[9d97359c8dfef0d7]::ErrorGuaranteed>, rustc_driver[ee839164ebdca734]::run_compiler::{closure#1}>::{closure#0}, core[ed436b62c6d1bada]::result::Result<(), rustc_errors[9d97359c8dfef0d7]::ErrorGuaranteed>>::{closure#0}::{closure#0}, core[ed436b62c6d1bada]::result::Result<(), rustc_errors[9d97359c8dfef0d7]::ErrorGuaranteed>>::{closure#1} as core[ed436b62c6d1bada]::ops::function::FnOnce<()>>::call_once::{shim:vtable#0}
  66:     0x7f2e5c3d7b33 - <alloc::boxed::Box<F,A> as core::ops::function::FnOnce<Args>>::call_once::h03e0743e22a9027d
                               at /rustc/ad8ae0504c54bc2bd8306abfcfe8546c1bb16a49/library/alloc/src/boxed.rs:1988:9
  67:     0x7f2e5c3d7b33 - <alloc::boxed::Box<F,A> as core::ops::function::FnOnce<Args>>::call_once::hac6f8ed94421633c
                               at /rustc/ad8ae0504c54bc2bd8306abfcfe8546c1bb16a49/library/alloc/src/boxed.rs:1988:9
  68:     0x7f2e5c3d7b33 - std::sys::unix::thread::Thread::new::thread_start::h6d00477e74b9dfb0
                               at /rustc/ad8ae0504c54bc2bd8306abfcfe8546c1bb16a49/library/std/src/sys/unix/thread.rs:108:17
  69:     0x7f2e5c28e609 - start_thread
                               at /build/glibc-SzIz7B/glibc-2.31/nptl/pthread_create.c:477:8
  70:     0x7f2e5c1b1133 - clone
                               at /build/glibc-SzIz7B/glibc-2.31/misc/../sysdeps/unix/sysv/linux/x86_64/clone.S:95
  71:                0x0 - <unknown>

error: internal compiler error: unexpected panic

note: the compiler unexpectedly panicked. this is a bug.

note: we would appreciate a bug report: https://github.com/rust-lang/rust/issues/new?labels=C-bug%2C+I-ICE%2C+T-compiler&template=ice.md

note: rustc 1.68.0-nightly (ad8ae0504 2022-12-29) running on x86_64-unknown-linux-gnu

note: compiler flags: --crate-type lib -C embed-bitcode=no -C debuginfo=2 -C incremental=[REDACTED]

note: some of the compiler flags provided by cargo are hidden

query stack during panic:
thread panicked while processing panic. aborting.
error: could not compile `lazy-clone-collections`

Caused by:
  process didn't exit successfully: `rustc --crate-name lazy_clone_collections --edition=2021 src/lib.rs --error-format=json --json=diagnostic-rendered-ansi,artifacts,future-incompat --crate-type lib --emit=dep-info,metadata,link -C embed-bitcode=no -C debuginfo=2 --cfg 'feature="default"' --cfg 'feature="serde"' --cfg 'feature="serde_test"' -C metadata=d8ef7c259c7b21f9 -C extra-filename=-d8ef7c259c7b21f9 --out-dir /home/melski/projects/lazy-clone-collections/target/debug/deps -C incremental=/home/melski/projects/lazy-clone-collections/target/debug/incremental -L dependency=/home/melski/projects/lazy-clone-collections/target/debug/deps --extern serde=/home/melski/projects/lazy-clone-collections/target/debug/deps/libserde-b7ddb84bd2e98644.rmeta --extern serde_test=/home/melski/projects/lazy-clone-collections/target/debug/deps/libserde_test-46018251e2528bcd.rmeta` (signal: 6, SIGABRT: process abort signal)

rust-compilation exited abnormally with code 101 at Mon Jan  2 07:46:23
